c:\users\маргарита\desktop\lab7\lb7\x64\debug\vc143.pdb
c:\users\маргарита\desktop\lab7\lb7\x64\debug\vc143.idb
c:\users\маргарита\desktop\lab7\lb7\x64\debug\lb7.obj
c:\users\маргарита\desktop\lab7\lb7\x64\debug\lb7.pdb
c:\users\маргарита\desktop\lab7\lb7\x64\debug\lb7.tlog\cl.command.1.tlog
c:\users\маргарита\desktop\lab7\lb7\x64\debug\lb7.tlog\cl.read.1.tlog
c:\users\маргарита\desktop\lab7\lb7\x64\debug\lb7.tlog\cl.write.1.tlog
c:\users\маргарита\desktop\lab7\lb7\x64\debug\lb7.tlog\link-cvtres.read.1.tlog
c:\users\маргарита\desktop\lab7\lb7\x64\debug\lb7.tlog\link-cvtres.write.1.tlog
c:\users\маргарита\desktop\lab7\lb7\x64\debug\lb7.tlog\link-rc.read.1.tlog
c:\users\маргарита\desktop\lab7\lb7\x64\debug\lb7.tlog\link-rc.write.1.tlog
c:\users\маргарита\desktop\lab7\lb7\x64\debug\lb7.tlog\link.19228-cvtres.read.1.tlog
c:\users\маргарита\desktop\lab7\lb7\x64\debug\lb7.tlog\link.19228-cvtres.write.1.tlog
c:\users\маргарита\desktop\lab7\lb7\x64\debug\lb7.tlog\link.19228-rc.read.1.tlog
c:\users\маргарита\desktop\lab7\lb7\x64\debug\lb7.tlog\link.19228-rc.write.1.tlog
c:\users\маргарита\desktop\lab7\lb7\x64\debug\lb7.tlog\link.19228.read.1.tlog
c:\users\маргарита\desktop\lab7\lb7\x64\debug\lb7.tlog\link.19228.read.2.tlog
c:\users\маргарита\desktop\lab7\lb7\x64\debug\lb7.tlog\link.19228.write.1.tlog
c:\users\маргарита\desktop\lab7\lb7\x64\debug\lb7.tlog\link.command.1.tlog
c:\users\маргарита\desktop\lab7\lb7\x64\debug\lb7.tlog\link.read.1.tlog
c:\users\маргарита\desktop\lab7\lb7\x64\debug\lb7.tlog\link.read.2.tlog
c:\users\маргарита\desktop\lab7\lb7\x64\debug\lb7.tlog\link.write.1.tlog
